2023-06-10 11:41:38,419 - INFO - ------------------------------------------------
2023-06-10 11:41:38,419 - INFO - Analyzing connected small world
2023-06-10 11:41:38,419 - INFO - round : 6
2023-06-10 11:41:38,420 - INFO - seed : 60
2023-06-10 11:41:38,920 - INFO - Infected Subgraph : Graph with 1000 nodes and 10000 edges
2023-06-10 11:41:38,925 - INFO - True Source : [290, 315, 591]
2023-06-10 11:41:38,926 - INFO - multisource netsleuth hypotheses_per_step=1
2023-06-10 11:41:51,152 - INFO - top score distance : {(625, 404, 137, 343, 771, 258): 17}
2023-06-10 11:41:51,153 - INFO - time : 12.22680926322937
2023-06-10 11:41:51,156 - INFO - fast multisource netsleuth assuming 2 sources
2023-06-10 11:57:07,112 - INFO - top score distance : {(984, 404): 10}
2023-06-10 11:57:07,152 - INFO - time : 915.9958829879761
2023-06-10 11:57:07,153 - INFO - fast multisource jordan centrality assuming 2 sources
2023-06-10 12:12:05,437 - INFO - top score distance : {(1, 321): 9}
2023-06-10 12:12:05,442 - INFO - time : 898.2895650863647
2023-06-10 12:12:05,442 - INFO - fast multisource lisn assuming 2 sources
2023-06-10 12:29:17,547 - INFO - top score distance : {(241, 574): 10}
2023-06-10 12:29:17,556 - INFO - time : 1032.1130690574646
2023-06-10 12:29:17,834 - INFO - ------------------------------------------------
2023-06-10 12:29:17,836 - INFO - Analyzing connected small world
2023-06-10 12:29:17,836 - INFO - round : 7
2023-06-10 12:29:17,837 - INFO - seed : 70
2023-06-10 12:29:18,140 - INFO - Infected Subgraph : Graph with 1000 nodes and 10000 edges
2023-06-10 12:29:18,143 - INFO - True Source : [121, 301, 931]
2023-06-10 12:29:18,143 - INFO - multisource netsleuth hypotheses_per_step=1
2023-06-10 12:29:21,081 - INFO - top score distance : {(677, 687): 11}
2023-06-10 12:29:21,081 - INFO - time : 2.9385039806365967
2023-06-10 12:29:21,082 - INFO - fast multisource netsleuth assuming 2 sources
2023-06-10 12:41:22,743 - INFO - top score distance : {(57, 751): 10}
2023-06-10 12:41:22,747 - INFO - time : 721.6651608943939
2023-06-10 12:41:22,747 - INFO - fast multisource jordan centrality assuming 2 sources
2023-06-10 12:54:01,875 - INFO - top score distance : {(89, 13): 12}
2023-06-10 12:54:01,884 - INFO - time : 759.1370420455933
2023-06-10 12:54:01,886 - INFO - fast multisource lisn assuming 2 sources
2023-06-10 13:09:09,850 - INFO - top score distance : {(706, 500): 12}
2023-06-10 13:09:09,858 - INFO - time : 907.9733250141144
2023-06-10 13:09:10,024 - INFO - ------------------------------------------------
2023-06-10 13:09:10,024 - INFO - Analyzing connected small world
2023-06-10 13:09:10,025 - INFO - round : 8
2023-06-10 13:09:10,025 - INFO - seed : 80
2023-06-10 13:09:10,381 - INFO - Infected Subgraph : Graph with 1000 nodes and 10000 edges
2023-06-10 13:09:10,382 - INFO - True Source : [278, 403, 554]
2023-06-10 13:09:10,383 - INFO - multisource netsleuth hypotheses_per_step=1
2023-06-10 13:09:13,331 - INFO - top score distance : {(927, 279): 7}
2023-06-10 13:09:13,332 - INFO - time : 2.948953151702881
2023-06-10 13:09:13,332 - INFO - fast multisource netsleuth assuming 2 sources
2023-06-10 13:23:41,955 - INFO - top score distance : {(927, 588): 9}
2023-06-10 13:23:41,958 - INFO - time : 868.6264419555664
2023-06-10 13:23:41,959 - INFO - fast multisource jordan centrality assuming 2 sources
2023-06-10 13:38:30,646 - INFO - top score distance : {(308, 0): 10}
2023-06-10 13:38:30,650 - INFO - time : 888.6913630962372
2023-06-10 13:38:30,651 - INFO - fast multisource lisn assuming 2 sources
2023-06-10 13:56:10,827 - INFO - top score distance : {(722, 581): 12}
2023-06-10 13:56:10,833 - INFO - time : 1060.182867050171
2023-06-10 13:56:10,996 - INFO - ------------------------------------------------
2023-06-10 13:56:10,997 - INFO - Analyzing connected small world
2023-06-10 13:56:10,997 - INFO - round : 9
2023-06-10 13:56:10,997 - INFO - seed : 90
2023-06-10 13:56:11,259 - INFO - Infected Subgraph : Graph with 1000 nodes and 10000 edges
2023-06-10 13:56:11,261 - INFO - True Source : [94, 208, 730]
2023-06-10 13:56:11,261 - INFO - multisource netsleuth hypotheses_per_step=1
2023-06-10 13:56:30,466 - INFO - top score distance : {(676, 927, 292, 437, 29, 545, 584, 489, 910, 79, 244, 107): 31}
2023-06-10 13:56:30,466 - INFO - time : 19.205143928527832
2023-06-10 13:56:30,467 - INFO - fast multisource netsleuth assuming 2 sources
2023-06-10 14:07:48,344 - INFO - top score distance : {(430, 676): 12}
2023-06-10 14:07:48,348 - INFO - time : 677.8813722133636
2023-06-10 14:07:48,349 - INFO - fast multisource jordan centrality assuming 2 sources
2023-06-10 14:19:57,615 - INFO - top score distance : {(293, 1): 14}
2023-06-10 14:19:57,619 - INFO - time : 729.2705090045929
2023-06-10 14:19:57,620 - INFO - fast multisource lisn assuming 2 sources
2023-06-10 14:36:28,873 - INFO - top score distance : {(224, 461): 10}
2023-06-10 14:36:28,881 - INFO - time : 991.2607333660126
2023-06-10 14:36:29,195 - INFO - ------------------------------------------------
2023-06-10 14:36:29,196 - INFO - Analyzing connected small world
2023-06-10 14:36:29,197 - INFO - round : 10
2023-06-10 14:36:29,198 - INFO - seed : 100
2023-06-10 14:36:29,579 - INFO - Infected Subgraph : Graph with 1000 nodes and 10000 edges
2023-06-10 14:36:29,584 - INFO - True Source : [149, 465, 470]
2023-06-10 14:36:29,585 - INFO - multisource netsleuth hypotheses_per_step=1
2023-06-10 14:36:35,431 - INFO - top score distance : {(723, 77, 20): 9}
2023-06-10 14:36:35,432 - INFO - time : 5.847053050994873
2023-06-10 14:36:35,432 - INFO - fast multisource netsleuth assuming 2 sources
2023-06-10 14:52:37,201 - INFO - top score distance : {(94, 723): 12}
2023-06-10 14:52:37,225 - INFO - time : 961.7929809093475
2023-06-10 14:52:37,226 - INFO - fast multisource jordan centrality assuming 2 sources
2023-06-10 15:24:31,189 - INFO - top score distance : {(1, 185): 12}
2023-06-10 15:24:31,210 - INFO - time : 1913.9836747646332
2023-06-10 15:24:31,214 - INFO - fast multisource lisn assuming 2 sources
2023-06-10 15:52:28,363 - INFO - top score distance : {(733, 100): 12}
2023-06-10 15:52:28,382 - INFO - time : 1677.1681640148163
