=======================================================
seed = [5, 10, 15, 20, 25, 30];  beta = 0.1; size = 1000

beta 0.1
seed 5
size 1000
------------------------------------------------
celfpp
[773, 88, 576, 0, 912]
time:  1166.3380887508392
IE: 63.99  +_  13.7013732022607

beta 0.1
seed 10
size 1000
------------------------------------------------
celfpp
[418, 517, 593, 565, 897, 717, 483, 791, 438, 582]
time:  2099.724298477173
IE: 120.882  +_  17.138196923649634

beta 0.1
seed 15
size 1000
------------------------------------------------
celfpp
[431, 537, 681, 819, 321, 779, 195, 501, 339, 159, 875, 115, 970, 750, 1]
time:  1823.110672712326
IE: 175.218  +_  21.30775672135611

beta 0.1
seed 20
size 1000
------------------------------------------------
celfpp
[613, 268, 552, 22, 746, 591, 191, 964, 83, 292, 136, 333, 428, 6, 156, 781, 486,
502, 699, 727]
time:  2363.430325269699
IE: 218.567  +_  22.892915860514506

beta 0.1
seed 25
size 1000
------------------------------------------------
celfpp
[663, 233, 132, 877, 431, 495, 687, 812, 401, 976, 475, 863, 938, 847, 154, 513, 1
5, 958, 813, 169, 551, 308, 537, 761, 570]
time:  2548.1575458049774
IE: 262.961  +_  23.881453113301184

beta 0.1
seed 30
size 1000
------------------------------------------------
celfpp
[381, 917, 481, 885, 665, 283, 604, 639, 756, 21, 198, 698, 464, 126, 355, 237, 18
8, 536, 724, 109, 578, 248, 508, 627, 446, 517, 401, 797, 873, 73]
time:  2593.070467233658
IE: 310.609  +_  24.89923876529343

=======================================================
seed = 5; beta = [0.1, 0.2, 0.3, 0.4, 0.5]; size = 1000

beta 0.1
seed 5
size 1000
------------------------------------------------
celfpp
[516, 719, 866, 616, 442]
time:  1121.068252325058
IE: 68.36  +_  14.879173021031438

beta 0.2
seed 5
size 1000
------------------------------------------------
celfpp
[56, 711, 257, 614, 954]
time:  1121.5250194072723
IE: 200.068  +_  29.7811734875289

beta 0.3
seed 5
size 1000
------------------------------------------------
celfpp
[138, 746, 314, 487, 910]
time:  1228.2021124362946
IE: 361.734  +_  43.09485364182608

beta 0.4
seed 5
size 1000
------------------------------------------------
celfpp
[953, 27, 494, 621, 2]
time:  1093.4661903381348
IE: 538.478  +_  45.7796821231351

beta 0.5
seed 5
size 1000
------------------------------------------------
celfpp
[290, 339, 768, 14, 64]
time:  1333.7663831710815
IE: 688.492  +_  40.48615893197409

=======================================================
seed = 5; beta = 0.1; size = [200, 400, 600, 800, 1000]

beta 0.1
seed 5
size 200
------------------------------------------------
celfpp
[72, 39, 93, 171, 21]
time:  78.60309171676636
IE: 57.168  +_  11.145492272573607

beta 0.1
seed 5
size 400
------------------------------------------------
celfpp
[96, 307, 342, 38, 148]
time:  332.46647930145264
IE: 58.349  +_  13.367943031779456

beta 0.1
seed 5
size 600
------------------------------------------------
celfpp
[411, 583, 19, 195, 447]
time:  498.12473344802856
IE: 64.617  +_  14.261476105252944

beta 0.1
seed 5
size 800
------------------------------------------------
celfpp
[687, 344, 5, 107, 559]
time:  801.2053599357605
IE: 62.262  +_  13.502506199727282

beta 0.1
seed 5
size 1000
------------------------------------------------
celfpp
[814, 842, 513, 891, 882]
time:  1184.424212217331
IE: 66.746  +_  13.640511264155297